 GET -- /api/blog/list -- Mozilla/5.0 (Macintosh; Intel Mac OS X 10_14_6) AppleWebKit/537.36 (KHTML, like Gecko) Chrome/77.0.3865.120 Safari/537.36 -- 1572266851097
POST -- /api/blog/new -- PostmanRuntime/7.18.0 -- 1572266963191
GET -- /api/blog/list -- Mozilla/5.0 (Macintosh; Intel Mac OS X 10_14_6) AppleWebKit/537.36 (KHTML, like Gecko) Chrome/77.0.3865.120 Safari/537.36 -- 1572267094628
GET -- /api/blog/list -- Mozilla/5.0 (Macintosh; Intel Mac OS X 10_14_6) AppleWebKit/537.36 (KHTML, like Gecko) Chrome/77.0.3865.120 Safari/537.36 -- 1572267219648
GET -- /api/blog/list -- Mozilla/5.0 (Macintosh; Intel Mac OS X 10_14_6) AppleWebKit/537.36 (KHTML, like Gecko) Chrome/77.0.3865.120 Safari/537.36 -- 1572269463666
GET -- /api/blogs/list -- PostmanRuntime/7.18.0 -- 1572361250894
GET -- /api/blog/list -- PostmanRuntime/7.18.0 -- 1572361277246
GET -- /api/blog/list -- PostmanRuntime/7.18.0 -- 1572361370936
GET -- /api/blog/list?keyword=2 -- PostmanRuntime/7.18.0 -- 1572361423808
GET -- /api/blog/list?keyword=1 -- PostmanRuntime/7.18.0 -- 1572361428011
GET -- /api/blog/list -- PostmanRuntime/7.18.0 -- 1572361438828
GET -- /api/blog/detail?id=1 -- PostmanRuntime/7.18.0 -- 1572361602386
GET -- /api/blog/detail?id=1 -- PostmanRuntime/7.18.0 -- 1572361861373
GET -- /api/blog/detail?id=4 -- PostmanRuntime/7.18.0 -- 1572361871959
POST -- /api/blog/update?id=1 -- PostmanRuntime/7.18.0 -- 1572362398977
POST -- /api/blog/update?id=1 -- PostmanRuntime/7.18.0 -- 1572362479176
GET -- /api/blog/list -- PostmanRuntime/7.18.0 -- 1572362484483
POST -- /api/blog/delete?id=5 -- PostmanRuntime/7.18.0 -- 1572362718578
GET -- /api/blog/list -- PostmanRuntime/7.18.0 -- 1572362726743
POST -- /api/blog/delete?id=5 -- PostmanRuntime/7.18.0 -- 1572362734703
POST -- /api/user/login -- PostmanRuntime/7.18.0 -- 1572363403183
POST -- /api/user/login -- PostmanRuntime/7.18.0 -- 1572363418173
POST -- /api/user/login -- PostmanRuntime/7.18.0 -- 1572363481047
POST -- /api/user/login -- PostmanRuntime/7.18.0 -- 1572363489335
GET -- /api/user/login-test -- Mozilla/5.0 (Macintosh; Intel Mac OS X 10_14_6) AppleWebKit/537.36 (KHTML, like Gecko) Chrome/78.0.3904.70 Safari/537.36 -- 1572438670601
GET -- /favicon.ico -- Mozilla/5.0 (Macintosh; Intel Mac OS X 10_14_6) AppleWebKit/537.36 (KHTML, like Gecko) Chrome/78.0.3904.70 Safari/537.36 -- 1572438670715
GET -- /api/user/login-test -- Mozilla/5.0 (Macintosh; Intel Mac OS X 10_14_6) AppleWebKit/537.36 (KHTML, like Gecko) Chrome/78.0.3904.70 Safari/537.36 -- 1572438735548
GET -- /api/user/login -- Mozilla/5.0 (Macintosh; Intel Mac OS X 10_14_6) AppleWebKit/537.36 (KHTML, like Gecko) Chrome/78.0.3904.70 Safari/537.36 -- 1572438921811
GET -- /api/user/login?username=zhangsan&password=122 -- Mozilla/5.0 (Macintosh; Intel Mac OS X 10_14_6) AppleWebKit/537.36 (KHTML, like Gecko) Chrome/78.0.3904.70 Safari/537.36 -- 1572438938437
GET -- /api/user/login?username=zhangsan&password=123 -- Mozilla/5.0 (Macintosh; Intel Mac OS X 10_14_6) AppleWebKit/537.36 (KHTML, like Gecko) Chrome/78.0.3904.70 Safari/537.36 -- 1572438941918
GET -- /api/user/login?username=zhangsan&password=123 -- Mozilla/5.0 (Macintosh; Intel Mac OS X 10_14_6) AppleWebKit/537.36 (KHTML, like Gecko) Chrome/78.0.3904.70 Safari/537.36 -- 1572439140078
GET -- /api/user/login?username=zhangsan&password=123 -- Mozilla/5.0 (Macintosh; Intel Mac OS X 10_14_6) AppleWebKit/537.36 (KHTML, like Gecko) Chrome/78.0.3904.70 Safari/537.36 -- 1572439248486
GET -- /api/user/login?username=zhangsan&password=123 -- Mozilla/5.0 (Macintosh; Intel Mac OS X 10_14_6) AppleWebKit/537.36 (KHTML, like Gecko) Chrome/78.0.3904.70 Safari/537.36 -- 1572439287275
GET -- /api/user/login?username=zhangsan&password=123 -- Mozilla/5.0 (Macintosh; Intel Mac OS X 10_14_6) AppleWebKit/537.36 (KHTML, like Gecko) Chrome/78.0.3904.70 Safari/537.36 -- 1572439290164
GET -- /api/user/login?username=zhangsan&password=123 -- Mozilla/5.0 (Macintosh; Intel Mac OS X 10_14_6) AppleWebKit/537.36 (KHTML, like Gecko) Chrome/78.0.3904.70 Safari/537.36 -- 1572439330092
GET -- /api/user/login-test -- Mozilla/5.0 (Macintosh; Intel Mac OS X 10_14_6) AppleWebKit/537.36 (KHTML, like Gecko) Chrome/78.0.3904.70 Safari/537.36 -- 1572439423795
GET -- /api/user/login-test -- Mozilla/5.0 (Macintosh; Intel Mac OS X 10_14_6) AppleWebKit/537.36 (KHTML, like Gecko) Chrome/78.0.3904.70 Safari/537.36 -- 1572439426959
GET -- /api/user/login-test -- Mozilla/5.0 (Macintosh; Intel Mac OS X 10_14_6) AppleWebKit/537.36 (KHTML, like Gecko) Chrome/78.0.3904.70 Safari/537.36 -- 1572439552311
GET -- /api/user/login-test -- Mozilla/5.0 (Macintosh; Intel Mac OS X 10_14_6) AppleWebKit/537.36 (KHTML, like Gecko) Chrome/78.0.3904.70 Safari/537.36 -- 1572439590128
GET -- /api/user/login-test -- Mozilla/5.0 (Macintosh; Intel Mac OS X 10_14_6) AppleWebKit/537.36 (KHTML, like Gecko) Chrome/78.0.3904.70 Safari/537.36 -- 1572439591895
GET -- /api/user/login?username=zhangsan&password=123 -- Mozilla/5.0 (Macintosh; Intel Mac OS X 10_14_6) AppleWebKit/537.36 (KHTML, like Gecko) Chrome/78.0.3904.70 Safari/537.36 -- 1572439614938
GET -- /api/user/login-test -- Mozilla/5.0 (Macintosh; Intel Mac OS X 10_14_6) AppleWebKit/537.36 (KHTML, like Gecko) Chrome/78.0.3904.70 Safari/537.36 -- 1572439682119
GET -- /api/user/login-test -- Mozilla/5.0 (Macintosh; Intel Mac OS X 10_14_6) AppleWebKit/537.36 (KHTML, like Gecko) Chrome/78.0.3904.70 Safari/537.36 -- 1572439735721
GET -- /api/user/login?username=zhangsan&password=123 -- Mozilla/5.0 (Macintosh; Intel Mac OS X 10_14_6) AppleWebKit/537.36 (KHTML, like Gecko) Chrome/78.0.3904.70 Safari/537.36 -- 1572439799020
GET -- /api/user/login-test -- Mozilla/5.0 (Macintosh; Intel Mac OS X 10_14_6) AppleWebKit/537.36 (KHTML, like Gecko) Chrome/78.0.3904.70 Safari/537.36 -- 1572439828664
GET -- /api/user/login-test -- Mozilla/5.0 (Macintosh; Intel Mac OS X 10_14_6) AppleWebKit/537.36 (KHTML, like Gecko) Chrome/78.0.3904.70 Safari/537.36 -- 1572439874152
GET -- /api/user/login?username=zhangsan&password=123 -- Mozilla/5.0 (Macintosh; Intel Mac OS X 10_14_6) AppleWebKit/537.36 (KHTML, like Gecko) Chrome/78.0.3904.70 Safari/537.36 -- 1572439965414
GET -- /api/user/login-test -- Mozilla/5.0 (Macintosh; Intel Mac OS X 10_14_6) AppleWebKit/537.36 (KHTML, like Gecko) Chrome/78.0.3904.70 Safari/537.36 -- 1572439977559
GET -- /api/user/login-test -- Mozilla/5.0 (Macintosh; Intel Mac OS X 10_14_6) AppleWebKit/537.36 (KHTML, like Gecko) Chrome/78.0.3904.70 Safari/537.36 -- 1572440005168
GET -- /api/user/login-test -- Mozilla/5.0 (Macintosh; Intel Mac OS X 10_14_6) AppleWebKit/537.36 (KHTML, like Gecko) Chrome/78.0.3904.70 Safari/537.36 -- 1572440006879
GET -- /api/user/login?username=zhangsan&password=123 -- Mozilla/5.0 (Macintosh; Intel Mac OS X 10_14_6) AppleWebKit/537.36 (KHTML, like Gecko) Chrome/78.0.3904.70 Safari/537.36 -- 1572440343482
GET -- /api/user/login?username=zhangsan&password=123 -- Mozilla/5.0 (Macintosh; Intel Mac OS X 10_14_6) AppleWebKit/537.36 (KHTML, like Gecko) Chrome/78.0.3904.70 Safari/537.36 -- 1572440347243
GET -- /api/login-test -- Mozilla/5.0 (Macintosh; Intel Mac OS X 10_14_6) AppleWebKit/537.36 (KHTML, like Gecko) Chrome/78.0.3904.70 Safari/537.36 -- 1572440496632
GET -- /api/user/login-test -- Mozilla/5.0 (Macintosh; Intel Mac OS X 10_14_6) AppleWebKit/537.36 (KHTML, like Gecko) Chrome/78.0.3904.70 Safari/537.36 -- 1572440518564
GET -- /api/user/login-test -- Mozilla/5.0 (Macintosh; Intel Mac OS X 10_14_6) AppleWebKit/537.36 (KHTML, like Gecko) Chrome/78.0.3904.70 Safari/537.36 -- 1572441341454
GET -- /api/user/login-test -- Mozilla/5.0 (Macintosh; Intel Mac OS X 10_14_6) AppleWebKit/537.36 (KHTML, like Gecko) Chrome/78.0.3904.70 Safari/537.36 -- 1572441374361
GET -- /api/user/login-test -- Mozilla/5.0 (Macintosh; Intel Mac OS X 10_14_6) AppleWebKit/537.36 (KHTML, like Gecko) Chrome/78.0.3904.70 Safari/537.36 -- 1572441377131
GET -- /api/user/login?username=zhangsan&password=123 -- Mozilla/5.0 (Macintosh; Intel Mac OS X 10_14_6) AppleWebKit/537.36 (KHTML, like Gecko) Chrome/78.0.3904.70 Safari/537.36 -- 1572441416799
GET -- /api/user/login-test -- Mozilla/5.0 (Macintosh; Intel Mac OS X 10_14_6) AppleWebKit/537.36 (KHTML, like Gecko) Chrome/78.0.3904.70 Safari/537.36 -- 1572441976723
GET -- /api/user/login-test -- Mozilla/5.0 (Macintosh; Intel Mac OS X 10_14_6) AppleWebKit/537.36 (KHTML, like Gecko) Chrome/78.0.3904.70 Safari/537.36 -- 1572442179412
GET -- /api/user/login-test -- Mozilla/5.0 (Macintosh; Intel Mac OS X 10_14_6) AppleWebKit/537.36 (KHTML, like Gecko) Chrome/78.0.3904.70 Safari/537.36 -- 1572442192337
GET -- /api/user/login -- Mozilla/5.0 (Macintosh; Intel Mac OS X 10_14_6) AppleWebKit/537.36 (KHTML, like Gecko) Chrome/78.0.3904.70 Safari/537.36 -- 1572442240670
GET -- /api/user/login -- Mozilla/5.0 (Macintosh; Intel Mac OS X 10_14_6) AppleWebKit/537.36 (KHTML, like Gecko) Chrome/78.0.3904.70 Safari/537.36 -- 1572442242460
GET -- /api/user/login-test -- Mozilla/5.0 (Macintosh; Intel Mac OS X 10_14_6) AppleWebKit/537.36 (KHTML, like Gecko) Chrome/78.0.3904.70 Safari/537.36 -- 1572447947767
GET -- /api/user/login?username=zhangsan&password=123 -- Mozilla/5.0 (Macintosh; Intel Mac OS X 10_14_6) AppleWebKit/537.36 (KHTML, like Gecko) Chrome/78.0.3904.70 Safari/537.36 -- 1572447970117
GET -- /api/user/login-test -- Mozilla/5.0 (Macintosh; Intel Mac OS X 10_14_6) AppleWebKit/537.36 (KHTML, like Gecko) Chrome/78.0.3904.70 Safari/537.36 -- 1572447975811
GET -- /api/user/login-test -- Mozilla/5.0 (Macintosh; Intel Mac OS X 10_14_6) AppleWebKit/537.36 (KHTML, like Gecko) Chrome/78.0.3904.70 Safari/537.36 -- 1572447981029
GET -- /api/user/login-test -- Mozilla/5.0 (Macintosh; Intel Mac OS X 10_14_6) AppleWebKit/537.36 (KHTML, like Gecko) Chrome/78.0.3904.70 Safari/537.36 -- 1572448028747
GET -- /api/user/login?username=zhangsan&password=123 -- Mozilla/5.0 (Macintosh; Intel Mac OS X 10_14_6) AppleWebKit/537.36 (KHTML, like Gecko) Chrome/78.0.3904.70 Safari/537.36 -- 1572448047790
GET -- /api/user/login-test -- Mozilla/5.0 (Macintosh; Intel Mac OS X 10_14_6) AppleWebKit/537.36 (KHTML, like Gecko) Chrome/78.0.3904.70 Safari/537.36 -- 1572448068727
GET -- /api/user/login-test -- Mozilla/5.0 (Macintosh; Intel Mac OS X 10_14_6) AppleWebKit/537.36 (KHTML, like Gecko) Chrome/78.0.3904.70 Safari/537.36 -- 1572448140940
GET -- /api/user/login?username=zhangsan&password=123 -- Mozilla/5.0 (Macintosh; Intel Mac OS X 10_14_6) AppleWebKit/537.36 (KHTML, like Gecko) Chrome/78.0.3904.70 Safari/537.36 -- 1572448146880
GET -- /api/user/login-test -- Mozilla/5.0 (Macintosh; Intel Mac OS X 10_14_6) AppleWebKit/537.36 (KHTML, like Gecko) Chrome/78.0.3904.70 Safari/537.36 -- 1572448152481
GET -- /api/user/login-test -- Mozilla/5.0 (Macintosh; Intel Mac OS X 10_14_6) AppleWebKit/537.36 (KHTML, like Gecko) Chrome/78.0.3904.70 Safari/537.36 -- 1572448166194
